#! /usr/bin/vvp
:ivl_version "10.1 (stable)";
:ivl_delay_selection "TYPICAL";
:vpi_time_precision + 0;
:vpi_module "system";
:vpi_module "vhdl_sys";
:vpi_module "v2005_math";
:vpi_module "va_math";
S_0x5614014a3b80 .scope module, "main" "main" 2 7;
 .timescale 0 0;
v0x5614014c4360_0 .var/i "display", 31 0;
v0x5614014c4460_0 .var/i "file", 31 0;
v0x5614014c4540_0 .var "input_c", 8 0;
v0x5614014c4600_0 .var "out", 3 0;
S_0x5614014a3d00 .scope function, "disp" "disp" 2 12, 2 12 0, S_0x5614014a3b80;
 .timescale 0 0;
v0x5614014a3ed0_0 .var "cur_state", 3 0;
v0x5614014c3fb0_0 .var "disp", 3 0;
v0x5614014c4090_0 .var/i "j", 31 0;
v0x5614014c4150_0 .var/i "strbit", 31 0;
v0x5614014c4230_0 .var "string", 88 0;
TD_main.disp ;
    %vpi_call 2 16 "$display", "State = %0d", v0x5614014a3ed0_0 {0 0 0};
    %pushi/vec4 0, 0, 32;
    %store/vec4 v0x5614014c4090_0, 0, 32;
T_0.0 ;
    %load/vec4 v0x5614014c4090_0;
    %cmpi/s 3, 0, 32;
    %jmp/0xz T_0.1, 5;
    %pushi/vec4 3099099320, 0, 35;
    %concati/vec4 3095443640, 0, 32;
    %concati/vec4 2108974, 0, 22;
    %cassign/vec4 v0x5614014c4230_0;
    %pushi/vec4 4, 0, 32;
    %load/vec4 v0x5614014a3ed0_0;
    %pad/u 32;
    %cmp/u;
    %flag_or 5, 4;
    %jmp/0xz  T_0.2, 5;
    %pushi/vec4 1, 0, 32;
    %load/vec4 v0x5614014c4090_0;
    %cmp/s;
    %flag_or 5, 4;
    %jmp/0xz  T_0.4, 5;
    %load/vec4 v0x5614014a3ed0_0;
    %pad/u 32;
    %subi 4, 0, 32;
    %muli 3, 0, 32;
    %muli 8, 0, 32;
    %cassign/vec4 v0x5614014c4150_0;
    %load/vec4 v0x5614014c4230_0;
    %pushi/vec4 4294967295, 0, 32;
    %concati/vec4 4294967295, 0, 32;
    %concati/vec4 33551605, 0, 25;
    %load/vec4 v0x5614014c4150_0;
    %ix/vec4 4;
    %shiftl 4;
    %add;
    %cassign/vec4 v0x5614014c4230_0;
T_0.4 ;
T_0.2 ;
    %load/vec4 v0x5614014a3ed0_0;
    %pad/u 32;
    %cmpi/u 4, 0, 32;
    %jmp/0xz  T_0.6, 5;
    %load/vec4 v0x5614014c4090_0;
    %cmpi/s 1, 0, 32;
    %flag_or 5, 4;
    %jmp/0xz  T_0.8, 5;
    %pushi/vec4 3, 0, 32;
    %load/vec4 v0x5614014a3ed0_0;
    %pad/u 32;
    %sub;
    %muli 3, 0, 32;
    %muli 8, 0, 32;
    %cassign/vec4 v0x5614014c4150_0;
    %load/vec4 v0x5614014c4230_0;
    %pushi/vec4 4294967295, 0, 32;
    %concati/vec4 4294967295, 0, 32;
    %concati/vec4 33551605, 0, 25;
    %load/vec4 v0x5614014c4150_0;
    %ix/vec4 4;
    %shiftl 4;
    %add;
    %cassign/vec4 v0x5614014c4230_0;
T_0.8 ;
T_0.6 ;
    %vpi_call 2 41 "$display", "%s", v0x5614014c4230_0 {0 0 0};
    %load/vec4 v0x5614014c4090_0;
    %pushi/vec4 1, 0, 32;
    %add;
    %store/vec4 v0x5614014c4090_0, 0, 32;
    %jmp T_0.0;
T_0.1 ;
    %vpi_call 2 43 "$display", "\000" {0 0 0};
    %end;
    .scope S_0x5614014a3b80;
T_1 ;
    %vpi_func 2 49 "$fopen" 32, "input.txt", "r" {0 0 0};
    %store/vec4 v0x5614014c4460_0, 0, 32;
    %pushi/vec4 0, 0, 4;
    %cassign/vec4 v0x5614014c4600_0;
    %vpi_call 2 51 "$display", "Initially" {0 0 0};
    %load/vec4 v0x5614014c4600_0;
    %store/vec4 v0x5614014a3ed0_0, 0, 4;
    %fork TD_main.disp, S_0x5614014a3d00;
    %join;
    %load/vec4  v0x5614014c3fb0_0;
    %pad/u 32;
    %store/vec4 v0x5614014c4360_0, 0, 32;
    %vpi_func 2 56 "$fgetc" 32, v0x5614014c4460_0 {0 0 0};
    %subi 48, 0, 32;
    %pad/u 9;
    %store/vec4 v0x5614014c4540_0, 0, 9;
T_1.0 ;
    %load/vec4 v0x5614014c4540_0;
    %pad/u 32;
    %cmpi/ne 463, 0, 32;
    %jmp/0xz T_1.1, 4;
    %vpi_call 2 58 "$display", "Input = %d", v0x5614014c4540_0 {0 0 0};
    %load/vec4 v0x5614014c4540_0;
    %pad/u 32;
    %cmpi/e 1, 0, 32;
    %jmp/0xz  T_1.2, 4;
    %load/vec4 v0x5614014c4600_0;
    %pad/u 32;
    %addi 1, 0, 32;
    %pushi/vec4 8, 0, 32;
    %mod;
    %pad/u 4;
    %cassign/vec4 v0x5614014c4600_0;
    %jmp T_1.3;
T_1.2 ;
    %load/vec4 v0x5614014c4600_0;
    %pad/u 32;
    %addi 7, 0, 32;
    %pushi/vec4 8, 0, 32;
    %mod;
    %pad/u 4;
    %cassign/vec4 v0x5614014c4600_0;
T_1.3 ;
    %load/vec4 v0x5614014c4600_0;
    %store/vec4 v0x5614014a3ed0_0, 0, 4;
    %fork TD_main.disp, S_0x5614014a3d00;
    %join;
    %load/vec4  v0x5614014c3fb0_0;
    %pad/u 32;
    %store/vec4 v0x5614014c4360_0, 0, 32;
    %vpi_func 2 68 "$fgetc" 32, v0x5614014c4460_0 {0 0 0};
    %subi 48, 0, 32;
    %pad/u 9;
    %store/vec4 v0x5614014c4540_0, 0, 9;
    %jmp T_1.0;
T_1.1 ;
    %vpi_call 2 70 "$finish" {0 0 0};
    %end;
    .thread T_1;
# The file index is used to find the file name in the following table.
:file_names 3;
    "N/A";
    "<interactive>";
    "A.v";
